<?xml version="1.0" encoding="UTF-8"?>
<!-- Generated by org.testng.reporters.JUnitReportReporter -->
<testsuite skipped="0" hostname="sambhawjain" name="com.amazonTest.NevigateToAmazonTest" tests="1" failures="0" timestamp="18 Nov 2018 12:42:35 GMT" time="15.208" errors="0">
  <testcase name="goToAmazon" time="15.208" classname="com.amazonTest.NevigateToAmazonTest"/>
</testsuite> <!-- com.amazonTest.NevigateToAmazonTest -->
