<?xml version="1.0" encoding="UTF-8"?>
<!-- Generated by org.testng.reporters.JUnitReportReporter -->
<testsuite skipped="0" hostname="sambhawjain" name="com.amazonTest.DepartmentsTest" tests="1" failures="0" timestamp="06 Dec 2018 17:11:44 GMT" time="15.160" errors="0">
  <testcase name="depart_lst" time="15.160" classname="com.amazonTest.DepartmentsTest"/>
</testsuite> <!-- com.amazonTest.DepartmentsTest -->
