<?xml version="1.0" encoding="UTF-8"?>
<!-- Generated by org.testng.reporters.JUnitReportReporter -->
<testsuite skipped="0" hostname="sambhawjain" name="com.amazonTest.BrowsingHistoryTest" tests="1" failures="0" timestamp="21 Nov 2018 19:45:36 GMT" time="26.649" errors="0">
  <testcase name="browsehistory" time="26.649" classname="com.amazonTest.BrowsingHistoryTest"/>
</testsuite> <!-- com.amazonTest.BrowsingHistoryTest -->
