<?xml version="1.0" encoding="UTF-8"?>
<!-- Generated by org.testng.reporters.JUnitReportReporter -->
<testsuite skipped="0" hostname="sambhawjain" name="com.amazonTest.NevigateToAmazon" tests="1" failures="0" timestamp="18 Nov 2018 10:26:19 GMT" time="14.096" errors="0">
  <testcase name="goToAmazon" time="14.096" classname="com.amazonTest.NevigateToAmazon"/>
</testsuite> <!-- com.amazonTest.NevigateToAmazon -->
